31-08-2017 11:09:05  File "insert_checkval" has been successfully created.
31-08-2017 11:09:38  File "insert_checkval.sql" has been successfully created.
31-08-2017 11:12:31  File "insert_checkval.sql" has been successfully created.
31-08-2017 11:13:31  File "insert_checkval.sql" has been successfully created.
31-08-2017 11:15:00  File "insert_checkval.sql" has been successfully created.
31-08-2017 11:17:39  File "insert_checkval.sql" has been successfully created.
31-08-2017 11:17:52  Creating a file failed due to:
31-08-2017 11:17:52  (<class 'FileNotFoundError'>, FileNotFoundError(2, 'No such file or directory'), <traceback object at 0x0000000007506288>)
31-08-2017 11:18:44  File "insert_checkval.sql" has been successfully created.
31-08-2017 11:55:51  File "insert_checkval.sql" has been successfully created.
31-08-2017 11:58:03  Creating a file failed due to:
31-08-2017 11:58:03  (<class 'FileNotFoundError'>, FileNotFoundError(2, 'No such file or directory'), <traceback object at 0x00000000063AFF08>)
31-08-2017 11:59:24  Creating a file failed due to:
31-08-2017 11:59:24  (<class 'FileNotFoundError'>, FileNotFoundError(2, 'No such file or directory'), <traceback object at 0x0000000007505508>)
31-08-2017 11:59:28  Creating a file failed due to:
31-08-2017 11:59:28  (<class 'FileNotFoundError'>, FileNotFoundError(2, 'No such file or directory'), <traceback object at 0x000000000B4815C8>)
31-08-2017 12:01:56  File "insert_checkval.sql" has been successfully created.
31-08-2017 12:04:50  File "insert_checkval.sql" has been successfully created.
31-08-2017 01:29:45  File "insert_checkval.sql" has been successfully created.
31-08-2017 01:30:04  File "insert_checkval.sql" has been successfully created.
31-08-2017 01:32:35  File "insert_checkval.sql" has been successfully created.
31-08-2017 01:39:37  File "insert_checkval.sql" has been successfully created.
31-08-2017 01:42:18  File "checkval.csv" has been successfully inserted to t1.
31-08-2017 01:42:29  Reading a file failed due to:
31-08-2017 01:42:29  (<class 'FileNotFoundError'>, FileNotFoundError("File b'./checkvals.csv' does not exist",), <traceback object at 0x0000000005DB7048>)
31-08-2017 02:01:00  File "insert_checkval.sql" has been successfully created.
